2026-01-06 00:15:57,410 [INFO] src.conexion_sql: Conexión establecida con oltp (PRUEBA_OLTP)
2026-01-06 00:15:57,425 [INFO] src.conexion_sql: Query ejecutado y DataFrame generado (55 filas)
2026-01-06 00:15:57,426 [INFO] src.conexion_sql: Conexión cerrada correctamente.
2026-01-06 00:25:16,418 [INFO] src.conexion_sql: Conexión establecida con oltp (PRUEBA_OLTP)
2026-01-06 00:25:16,418 [INFO] src.conexion_sql: Query ejecutado y DataFrame generado (10 filas)
2026-01-06 00:25:16,468 [INFO] __main__: pacientes guardado en Bronze (10 filas)
2026-01-06 00:25:16,473 [INFO] src.conexion_sql: Query ejecutado y DataFrame generado (5 filas)
2026-01-06 00:25:16,476 [INFO] __main__: medicos guardado en Bronze (5 filas)
2026-01-06 00:25:16,481 [INFO] src.conexion_sql: Query ejecutado y DataFrame generado (10 filas)
2026-01-06 00:25:16,485 [INFO] __main__: diagnosticos guardado en Bronze (10 filas)
2026-01-06 00:25:16,494 [INFO] src.conexion_sql: Query ejecutado y DataFrame generado (55 filas)
2026-01-06 00:25:16,498 [INFO] __main__: atenciones guardado en Bronze (55 filas)
2026-01-06 00:25:16,500 [INFO] src.conexion_sql: Conexión cerrada correctamente.
2026-01-06 00:25:16,500 [INFO] __main__: Extracción a Bronze finalizada correctamente.
2026-01-06 00:26:45,963 [INFO] src.conexion_sql: Conexión establecida con oltp (PRUEBA_OLTP)
2026-01-06 00:26:45,983 [INFO] src.conexion_sql: Query ejecutado y DataFrame generado (10 filas)
2026-01-06 00:26:46,003 [INFO] __main__: pacientes guardado en Bronze (10 filas)
2026-01-06 00:26:46,003 [INFO] src.conexion_sql: Query ejecutado y DataFrame generado (5 filas)
2026-01-06 00:26:46,003 [INFO] __main__: medicos guardado en Bronze (5 filas)
2026-01-06 00:26:46,018 [INFO] src.conexion_sql: Query ejecutado y DataFrame generado (10 filas)
2026-01-06 00:26:46,021 [INFO] __main__: diagnosticos guardado en Bronze (10 filas)
2026-01-06 00:26:46,029 [INFO] src.conexion_sql: Query ejecutado y DataFrame generado (15 filas)
2026-01-06 00:26:46,033 [INFO] __main__: atenciones guardado en Bronze (15 filas)
2026-01-06 00:26:46,034 [INFO] src.conexion_sql: Conexión cerrada correctamente.
2026-01-06 00:26:46,034 [INFO] __main__: Extracción a Bronze finalizada correctamente.
2026-01-06 00:32:54,520 [INFO] __main__: Pacientes cargados desde Bronze (10 filas)
2026-01-06 00:32:54,533 [INFO] __main__: Dim_Pacientes transformada y guardada en Silver (10 filas)
2026-01-06 00:32:54,548 [INFO] __main__: Medicos cargados desde Bronze (5 filas)
2026-01-06 00:32:54,554 [INFO] __main__: Dim_Medicos transformada y guardada en Silver (5 filas)
2026-01-06 00:32:54,571 [INFO] __main__: Diagnosticos cargados desde Bronze (10 filas)
2026-01-06 00:32:54,575 [INFO] __main__: Dim_Diagnosticos transformada y guardada en Silver (10 filas)
2026-01-06 00:32:54,594 [INFO] __main__: Atenciones cargadas desde Bronze (15 filas)
2026-01-06 00:32:54,603 [INFO] __main__: Dim_Calendario generada y guardada en Silver (10 filas)
2026-01-06 00:32:54,603 [INFO] __main__: Transformación a Silver finalizada correctamente.
2026-01-06 00:44:29,121 [INFO] src.conexion_sql: Conexión establecida con dw (PRUEBA)
2026-01-06 00:46:17,911 [INFO] src.conexion_sql: Conexión establecida con dw (PRUEBA)
2026-01-06 00:46:57,066 [INFO] src.conexion_sql: Conexión establecida con dw (PRUEBA)
2026-01-06 00:49:06,825 [INFO] src.conexion_sql: Conexión establecida con dw (PRUEBA)
2026-01-06 00:51:00,375 [INFO] src.conexion_sql: Conexión establecida con dw (PRUEBA)
2026-01-06 00:51:00,472 [INFO] __main__: Tabla staging diagnosticos_clinica.stg_dim_pacientes cargada (10 filas)
2026-01-06 00:51:00,490 [INFO] __main__: Tabla staging diagnosticos_clinica.stg_dim_medicos cargada (5 filas)
2026-01-06 00:51:00,507 [INFO] __main__: Tabla staging diagnosticos_clinica.stg_dim_diagnosticos cargada (10 filas)
2026-01-06 00:51:00,543 [INFO] __main__: Tabla staging diagnosticos_clinica.stg_dim_calendario cargada (10 filas)
2026-01-06 00:55:05,062 [INFO] src.conexion_sql: Conexión establecida con dw (PRUEBA)
2026-01-06 00:55:05,148 [INFO] __main__: Tabla staging temporal.stg_dim_pacientes cargada (10 filas)
2026-01-06 00:55:05,159 [INFO] __main__: Tabla staging temporal.stg_dim_medicos cargada (5 filas)
2026-01-06 00:55:05,173 [INFO] __main__: Tabla staging temporal.stg_dim_diagnosticos cargada (10 filas)
2026-01-06 00:55:05,189 [INFO] __main__: Tabla staging temporal.stg_dim_calendario cargada (10 filas)
2026-01-06 01:00:20,846 [INFO] src.conexion_sql: Conexión establecida con dw (PRUEBA)
2026-01-06 01:00:21,791 [INFO] __main__: Tabla staging temporal.stg_dim_pacientes cargada (10 filas)
2026-01-06 01:00:21,839 [INFO] __main__: Tabla staging temporal.stg_dim_medicos cargada (5 filas)
2026-01-06 01:00:21,888 [INFO] __main__: Tabla staging temporal.stg_dim_diagnosticos cargada (10 filas)
2026-01-06 01:00:21,929 [INFO] __main__: Tabla staging temporal.stg_dim_calendario cargada (10 filas)
2026-01-06 01:03:11,856 [INFO] src.conexion_sql: Conexión establecida con dw (PRUEBA)
2026-01-06 01:03:12,702 [INFO] __main__: Tabla staging temporal.stg_dim_pacientes cargada (10 filas)
2026-01-06 01:03:12,753 [INFO] __main__: Tabla staging temporal.stg_dim_medicos cargada (5 filas)
2026-01-06 01:03:12,812 [INFO] __main__: Tabla staging temporal.stg_dim_diagnosticos cargada (10 filas)
2026-01-06 01:03:12,883 [INFO] __main__: Tabla staging temporal.stg_dim_calendario cargada (10 filas)
2026-01-06 01:06:44,157 [INFO] src.conexion_sql: Conexión establecida con dw (PRUEBA)
2026-01-06 01:06:45,007 [INFO] __main__: Tabla staging temporal.stg_dim_pacientes cargada (10 filas)
2026-01-06 01:06:45,050 [INFO] __main__: Tabla staging temporal.stg_dim_medicos cargada (5 filas)
2026-01-06 01:06:45,095 [INFO] __main__: Tabla staging temporal.stg_dim_diagnosticos cargada (10 filas)
2026-01-06 01:06:45,145 [INFO] __main__: Tabla staging temporal.stg_dim_calendario cargada (10 filas)
2026-01-06 01:09:09,319 [INFO] __main__: Pacientes cargados desde Bronze (10 filas)
2026-01-06 01:09:09,343 [INFO] __main__: Dim_Pacientes transformada y guardada en Silver (10 filas)
2026-01-06 01:09:09,424 [INFO] __main__: Medicos cargados desde Bronze (5 filas)
2026-01-06 01:09:09,433 [INFO] __main__: Dim_Medicos transformada y guardada en Silver (5 filas)
2026-01-06 01:09:09,437 [INFO] __main__: Diagnosticos cargados desde Bronze (10 filas)
2026-01-06 01:09:09,441 [INFO] __main__: Dim_Diagnosticos transformada y guardada en Silver (10 filas)
2026-01-06 01:09:09,446 [INFO] __main__: Atenciones cargadas desde Bronze (15 filas)
2026-01-06 01:09:09,455 [INFO] __main__: Dim_Calendario generada y guardada en Silver (10 filas)
2026-01-06 01:09:09,464 [INFO] __main__: Atenciones transformadas y guardadas en Silver (15 filas)
2026-01-06 01:09:09,464 [INFO] __main__: Transformación a Silver finalizada correctamente.
2026-01-06 01:20:39,836 [INFO] src.conexion_sql: Conexión establecida con dw (PRUEBA)
2026-01-06 01:20:40,899 [INFO] __main__: Tabla staging temporal.stg_dim_pacientes cargada (10 filas)
2026-01-06 01:20:40,950 [INFO] __main__: Tabla staging temporal.stg_dim_medicos cargada (5 filas)
2026-01-06 01:20:40,999 [INFO] __main__: Tabla staging temporal.stg_dim_diagnosticos cargada (10 filas)
2026-01-06 01:20:41,047 [INFO] __main__: Tabla staging temporal.stg_dim_calendario cargada (10 filas)
2026-01-06 01:20:41,075 [INFO] __main__: Tabla staging temporal.stg_atenciones cargada (15 filas)
2026-01-06 01:24:48,071 [INFO] __main__: Pacientes cargados desde Bronze (10 filas)
2026-01-06 01:24:48,084 [INFO] __main__: Dim_Pacientes transformada y guardada en Silver (10 filas)
2026-01-06 01:24:48,089 [INFO] __main__: Medicos cargados desde Bronze (5 filas)
2026-01-06 01:24:48,096 [INFO] __main__: Dim_Medicos transformada y guardada en Silver (5 filas)
2026-01-06 01:24:48,100 [INFO] __main__: Diagnosticos cargados desde Bronze (10 filas)
2026-01-06 01:24:48,106 [INFO] __main__: Dim_Diagnosticos transformada y guardada en Silver (10 filas)
2026-01-06 01:24:48,111 [INFO] __main__: Atenciones cargadas desde Bronze (15 filas)
2026-01-06 01:24:48,124 [INFO] __main__: Dim_Calendario generada y guardada en Silver (10 filas)
2026-01-06 01:24:48,139 [INFO] __main__: Atenciones transformadas y guardadas en Silver (15 filas)
2026-01-06 01:24:48,139 [INFO] __main__: Transformación a Silver finalizada correctamente.
2026-01-06 01:25:06,454 [INFO] src.conexion_sql: Conexión establecida con dw (PRUEBA)
2026-01-06 01:25:07,510 [INFO] __main__: Tabla staging temporal.stg_dim_pacientes cargada (10 filas)
2026-01-06 01:25:07,556 [INFO] __main__: Tabla staging temporal.stg_dim_medicos cargada (5 filas)
2026-01-06 01:25:07,592 [INFO] __main__: Tabla staging temporal.stg_dim_diagnosticos cargada (10 filas)
2026-01-06 01:25:08,275 [INFO] __main__: Tabla staging temporal.stg_dim_calendario cargada (10 filas)
2026-01-06 01:25:08,329 [INFO] __main__: Tabla staging temporal.stg_atenciones cargada (15 filas)
2026-01-06 01:31:46,234 [INFO] __main__: Pacientes cargados desde Bronze (10 filas)
2026-01-06 01:31:46,234 [INFO] __main__: Dim_Pacientes transformada y guardada en Silver (10 filas)
2026-01-06 01:31:46,250 [INFO] __main__: Medicos cargados desde Bronze (5 filas)
2026-01-06 01:31:46,256 [INFO] __main__: Dim_Medicos transformada y guardada en Silver (5 filas)
2026-01-06 01:31:46,260 [INFO] __main__: Diagnosticos cargados desde Bronze (10 filas)
2026-01-06 01:31:46,267 [INFO] __main__: Dim_Diagnosticos transformada y guardada en Silver (10 filas)
2026-01-06 01:31:46,273 [INFO] __main__: Atenciones cargadas desde Bronze (15 filas)
2026-01-06 01:31:46,285 [INFO] __main__: Dim_Calendario generada y guardada en Silver (10 filas)
2026-01-06 01:31:46,317 [INFO] __main__: Atenciones transformadas y guardadas en Silver (15 filas)
2026-01-06 01:31:46,318 [INFO] __main__: Transformación a Silver finalizada correctamente.
2026-01-06 01:33:54,218 [INFO] __main__: Pacientes cargados desde Bronze (10 filas)
2026-01-06 01:33:54,218 [INFO] __main__: Dim_Pacientes transformada y guardada en Silver (10 filas)
2026-01-06 01:33:54,218 [INFO] __main__: Medicos cargados desde Bronze (5 filas)
2026-01-06 01:33:54,237 [INFO] __main__: Dim_Medicos transformada y guardada en Silver (5 filas)
2026-01-06 01:33:54,244 [INFO] __main__: Diagnosticos cargados desde Bronze (10 filas)
2026-01-06 01:33:54,252 [INFO] __main__: Dim_Diagnosticos transformada y guardada en Silver (10 filas)
2026-01-06 01:33:54,260 [INFO] __main__: Atenciones cargadas desde Bronze (15 filas)
2026-01-06 01:33:54,269 [INFO] __main__: Dim_Calendario generada y guardada en Silver (10 filas)
2026-01-06 01:33:54,303 [INFO] __main__: Atenciones transformadas y guardadas en Silver (15 filas)
2026-01-06 01:33:54,303 [INFO] __main__: Transformación a Silver finalizada correctamente.
2026-01-06 01:34:39,742 [INFO] src.conexion_sql: Conexión establecida con dw (PRUEBA)
2026-01-06 01:34:40,663 [INFO] __main__: Tabla staging temporal.stg_dim_pacientes cargada (10 filas)
2026-01-06 01:34:40,721 [INFO] __main__: Tabla staging temporal.stg_dim_medicos cargada (5 filas)
2026-01-06 01:34:40,762 [INFO] __main__: Tabla staging temporal.stg_dim_diagnosticos cargada (10 filas)
2026-01-06 01:34:40,808 [INFO] __main__: Tabla staging temporal.stg_dim_calendario cargada (10 filas)
2026-01-06 01:34:40,861 [INFO] __main__: Tabla staging temporal.stg_atenciones cargada (15 filas)
2026-01-06 01:34:40,910 [INFO] src.conexion_sql: Conexión cerrada correctamente.
2026-01-06 01:34:40,910 [INFO] __main__: Carga incremental finalizada correctamente.
2026-01-06 01:38:58,719 [INFO] __main__: 🚀 Iniciando ETL desde src/main.py ...
2026-01-06 01:38:58,719 [INFO] __main__: Extrayendo datos desde 2025-01-06
2026-01-06 01:38:58,928 [INFO] src.conexion_sql: Conexión establecida con oltp (PRUEBA_OLTP)
2026-01-06 01:38:58,937 [INFO] src.conexion_sql: Query ejecutado y DataFrame generado (10 filas)
2026-01-06 01:38:58,965 [INFO] src.extract: pacientes guardado en Bronze (10 filas)
2026-01-06 01:38:58,968 [INFO] src.conexion_sql: Query ejecutado y DataFrame generado (5 filas)
2026-01-06 01:38:58,972 [INFO] src.extract: medicos guardado en Bronze (5 filas)
2026-01-06 01:38:58,975 [INFO] src.conexion_sql: Query ejecutado y DataFrame generado (10 filas)
2026-01-06 01:38:58,978 [INFO] src.extract: diagnosticos guardado en Bronze (10 filas)
2026-01-06 01:38:58,982 [INFO] src.conexion_sql: Query ejecutado y DataFrame generado (55 filas)
2026-01-06 01:38:58,985 [INFO] src.extract: atenciones guardado en Bronze (55 filas)
2026-01-06 01:38:58,985 [INFO] src.conexion_sql: Conexión cerrada correctamente.
2026-01-06 01:38:58,986 [INFO] src.extract: Extracción a Bronze finalizada correctamente.
2026-01-06 01:38:59,014 [INFO] src.transform: Pacientes cargados desde Bronze (10 filas)
2026-01-06 01:38:59,023 [INFO] src.transform: Dim_Pacientes transformada y guardada en Silver (10 filas)
2026-01-06 01:38:59,028 [INFO] src.transform: Medicos cargados desde Bronze (5 filas)
2026-01-06 01:38:59,033 [INFO] src.transform: Dim_Medicos transformada y guardada en Silver (5 filas)
2026-01-06 01:38:59,040 [INFO] src.transform: Diagnosticos cargados desde Bronze (10 filas)
2026-01-06 01:38:59,045 [INFO] src.transform: Dim_Diagnosticos transformada y guardada en Silver (10 filas)
2026-01-06 01:38:59,059 [INFO] src.transform: Atenciones cargadas desde Bronze (55 filas)
2026-01-06 01:38:59,073 [INFO] src.transform: Dim_Calendario generada y guardada en Silver (50 filas)
2026-01-06 01:38:59,094 [INFO] src.transform: Atenciones transformadas y guardadas en Silver (55 filas)
2026-01-06 01:38:59,095 [INFO] src.transform: Transformación a Silver finalizada correctamente.
2026-01-06 01:38:59,171 [INFO] src.conexion_sql: Conexión establecida con dw (PRUEBA)
2026-01-06 01:39:00,087 [INFO] src.load: Tabla staging temporal.stg_dim_pacientes cargada (10 filas)
2026-01-06 01:39:00,129 [INFO] src.load: Tabla staging temporal.stg_dim_medicos cargada (5 filas)
2026-01-06 01:39:00,170 [INFO] src.load: Tabla staging temporal.stg_dim_diagnosticos cargada (10 filas)
2026-01-06 01:39:00,226 [INFO] src.load: Tabla staging temporal.stg_dim_calendario cargada (50 filas)
2026-01-06 01:39:00,282 [INFO] src.load: Tabla staging temporal.stg_atenciones cargada (55 filas)
2026-01-06 01:39:00,352 [INFO] src.conexion_sql: Conexión cerrada correctamente.
2026-01-06 01:39:00,352 [INFO] src.load: Carga incremental finalizada correctamente.
2026-01-06 01:39:00,352 [INFO] __main__: ✅ ETL finalizado con éxito
2026-01-06 01:40:40,125 [INFO] __main__: 🚀 Iniciando ETL desde src/main.py ...
2026-01-06 01:40:40,125 [INFO] __main__: Extrayendo datos desde 2025-01-06
2026-01-06 01:40:40,389 [INFO] src.conexion_sql: Conexión establecida con oltp (PRUEBA_OLTP)
2026-01-06 01:40:40,396 [INFO] src.conexion_sql: Query ejecutado y DataFrame generado (10 filas)
2026-01-06 01:40:40,421 [INFO] src.extract: pacientes guardado en Bronze (10 filas)
2026-01-06 01:40:40,423 [INFO] src.conexion_sql: Query ejecutado y DataFrame generado (5 filas)
2026-01-06 01:40:40,427 [INFO] src.extract: medicos guardado en Bronze (5 filas)
2026-01-06 01:40:40,430 [INFO] src.conexion_sql: Query ejecutado y DataFrame generado (10 filas)
2026-01-06 01:40:40,433 [INFO] src.extract: diagnosticos guardado en Bronze (10 filas)
2026-01-06 01:40:40,436 [INFO] src.conexion_sql: Query ejecutado y DataFrame generado (55 filas)
2026-01-06 01:40:40,437 [INFO] src.extract: atenciones guardado en Bronze (55 filas)
2026-01-06 01:40:40,437 [INFO] src.conexion_sql: Conexión cerrada correctamente.
2026-01-06 01:40:40,437 [INFO] src.extract: Extracción a Bronze finalizada correctamente.
2026-01-06 01:40:40,485 [INFO] src.transform: Pacientes cargados desde Bronze (10 filas)
2026-01-06 01:40:40,500 [INFO] src.transform: Dim_Pacientes transformada y guardada en Silver (10 filas)
2026-01-06 01:40:40,504 [INFO] src.transform: Medicos cargados desde Bronze (5 filas)
2026-01-06 01:40:40,504 [INFO] src.transform: Dim_Medicos transformada y guardada en Silver (5 filas)
2026-01-06 01:40:40,504 [INFO] src.transform: Diagnosticos cargados desde Bronze (10 filas)
2026-01-06 01:40:40,525 [INFO] src.transform: Dim_Diagnosticos transformada y guardada en Silver (10 filas)
2026-01-06 01:40:40,531 [INFO] src.transform: Atenciones cargadas desde Bronze (55 filas)
2026-01-06 01:40:40,534 [INFO] src.transform: Dim_Calendario generada y guardada en Silver (50 filas)
2026-01-06 01:40:40,555 [INFO] src.transform: Atenciones transformadas y guardadas en Silver (55 filas)
2026-01-06 01:40:40,557 [INFO] src.transform: Transformación a Silver finalizada correctamente.
2026-01-06 01:40:40,644 [INFO] src.conexion_sql: Conexión establecida con dw (PRUEBA)
2026-01-06 01:40:41,619 [INFO] src.load: Tabla staging temporal.stg_dim_pacientes cargada (10 filas)
2026-01-06 01:40:41,667 [INFO] src.load: Tabla staging temporal.stg_dim_medicos cargada (5 filas)
2026-01-06 01:40:41,723 [INFO] src.load: Tabla staging temporal.stg_dim_diagnosticos cargada (10 filas)
2026-01-06 01:40:41,785 [INFO] src.load: Tabla staging temporal.stg_dim_calendario cargada (50 filas)
2026-01-06 01:40:41,855 [INFO] src.load: Tabla staging temporal.stg_atenciones cargada (55 filas)
2026-01-06 01:40:41,924 [INFO] src.conexion_sql: Conexión cerrada correctamente.
2026-01-06 01:40:41,924 [INFO] src.load: Carga incremental finalizada correctamente.
2026-01-06 01:40:41,924 [INFO] __main__: ✅ ETL finalizado con éxito
2026-01-06 02:03:59,727 [INFO] __main__: Iniciando ETL desde src/main.py ...
2026-01-06 02:03:59,727 [INFO] __main__: Extrayendo datos desde 2026-01-05
2026-01-06 02:03:59,981 [INFO] src.connect: Conexión establecida con oltp (PRUEBA_OLTP)
2026-01-06 02:03:59,997 [INFO] src.connect: Query ejecutado y DataFrame generado (10 filas)
2026-01-06 02:04:00,020 [INFO] src.extract: pacientes guardado en Bronze (10 filas)
2026-01-06 02:04:00,030 [INFO] src.connect: Query ejecutado y DataFrame generado (5 filas)
2026-01-06 02:04:00,032 [INFO] src.extract: medicos guardado en Bronze (5 filas)
2026-01-06 02:04:00,035 [INFO] src.connect: Query ejecutado y DataFrame generado (10 filas)
2026-01-06 02:04:00,037 [INFO] src.extract: diagnosticos guardado en Bronze (10 filas)
2026-01-06 02:04:00,041 [INFO] src.connect: Query ejecutado y DataFrame generado (2 filas)
2026-01-06 02:04:00,044 [INFO] src.extract: atenciones guardado en Bronze (2 filas)
2026-01-06 02:04:00,045 [INFO] src.connect: Conexión cerrada correctamente.
2026-01-06 02:04:00,045 [INFO] src.extract: Extracción a Bronze finalizada correctamente.
2026-01-06 02:04:00,071 [INFO] src.transform: Pacientes cargados desde Bronze (10 filas)
2026-01-06 02:04:00,083 [INFO] src.transform: Dim_Pacientes transformada y guardada en Silver (10 filas)
2026-01-06 02:04:00,087 [INFO] src.transform: Medicos cargados desde Bronze (5 filas)
2026-01-06 02:04:00,093 [INFO] src.transform: Dim_Medicos transformada y guardada en Silver (5 filas)
2026-01-06 02:04:00,099 [INFO] src.transform: Diagnosticos cargados desde Bronze (10 filas)
2026-01-06 02:04:00,105 [INFO] src.transform: Dim_Diagnosticos transformada y guardada en Silver (10 filas)
2026-01-06 02:04:00,119 [INFO] src.transform: Atenciones cargadas desde Bronze (2 filas)
2026-01-06 02:04:00,131 [INFO] src.transform: Dim_Calendario generada y guardada en Silver (1 filas)
2026-01-06 02:04:00,144 [INFO] src.transform: Atenciones transformadas y guardadas en Silver (2 filas)
2026-01-06 02:04:00,144 [INFO] src.transform: Transformación a Silver finalizada correctamente.
2026-01-06 02:04:00,228 [INFO] src.connect: Conexión establecida con dw (PRUEBA)
2026-01-06 02:04:01,215 [INFO] src.load: Tabla staging temporal.stg_dim_pacientes cargada (10 filas)
2026-01-06 02:04:01,388 [INFO] src.load: Tabla staging temporal.stg_dim_medicos cargada (5 filas)
2026-01-06 02:04:01,431 [INFO] src.load: Tabla staging temporal.stg_dim_diagnosticos cargada (10 filas)
2026-01-06 02:04:01,513 [INFO] src.load: Tabla staging temporal.stg_dim_calendario cargada (1 filas)
2026-01-06 02:04:01,572 [INFO] src.load: Tabla staging temporal.stg_atenciones cargada (2 filas)
2026-01-06 02:04:30,846 [INFO] __main__: Iniciando ETL desde src/main.py ...
2026-01-06 02:04:30,846 [INFO] __main__: Extrayendo datos desde 2026-01-05
2026-01-06 02:04:30,920 [INFO] src.connect: Conexión establecida con oltp (PRUEBA_OLTP)
2026-01-06 02:04:30,936 [INFO] src.connect: Query ejecutado y DataFrame generado (10 filas)
2026-01-06 02:04:30,961 [INFO] src.extract: pacientes guardado en Bronze (10 filas)
2026-01-06 02:04:30,963 [INFO] src.connect: Query ejecutado y DataFrame generado (5 filas)
2026-01-06 02:04:30,966 [INFO] src.extract: medicos guardado en Bronze (5 filas)
2026-01-06 02:04:30,966 [INFO] src.connect: Query ejecutado y DataFrame generado (10 filas)
2026-01-06 02:04:30,966 [INFO] src.extract: diagnosticos guardado en Bronze (10 filas)
2026-01-06 02:04:30,972 [INFO] src.connect: Query ejecutado y DataFrame generado (2 filas)
2026-01-06 02:04:30,975 [INFO] src.extract: atenciones guardado en Bronze (2 filas)
2026-01-06 02:04:30,975 [INFO] src.connect: Conexión cerrada correctamente.
2026-01-06 02:04:30,975 [INFO] src.extract: Extracción a Bronze finalizada correctamente.
2026-01-06 02:04:30,991 [INFO] src.transform: Pacientes cargados desde Bronze (10 filas)
2026-01-06 02:04:31,005 [INFO] src.transform: Dim_Pacientes transformada y guardada en Silver (10 filas)
2026-01-06 02:04:31,005 [INFO] src.transform: Medicos cargados desde Bronze (5 filas)
2026-01-06 02:04:31,021 [INFO] src.transform: Dim_Medicos transformada y guardada en Silver (5 filas)
2026-01-06 02:04:31,026 [INFO] src.transform: Diagnosticos cargados desde Bronze (10 filas)
2026-01-06 02:04:31,031 [INFO] src.transform: Dim_Diagnosticos transformada y guardada en Silver (10 filas)
2026-01-06 02:04:31,037 [INFO] src.transform: Atenciones cargadas desde Bronze (2 filas)
2026-01-06 02:04:31,044 [INFO] src.transform: Dim_Calendario generada y guardada en Silver (1 filas)
2026-01-06 02:04:31,046 [INFO] src.transform: Atenciones transformadas y guardadas en Silver (2 filas)
2026-01-06 02:04:31,046 [INFO] src.transform: Transformación a Silver finalizada correctamente.
2026-01-06 02:04:31,067 [INFO] src.connect: Conexión establecida con dw (PRUEBA)
2026-01-06 02:04:31,227 [INFO] src.load: Tabla staging temporal.stg_dim_pacientes cargada (10 filas)
2026-01-06 02:04:31,265 [INFO] src.load: Tabla staging temporal.stg_dim_medicos cargada (5 filas)
2026-01-06 02:04:31,305 [INFO] src.load: Tabla staging temporal.stg_dim_diagnosticos cargada (10 filas)
2026-01-06 02:04:31,344 [INFO] src.load: Tabla staging temporal.stg_dim_calendario cargada (1 filas)
2026-01-06 02:04:31,387 [INFO] src.load: Tabla staging temporal.stg_atenciones cargada (2 filas)
2026-01-06 02:04:31,443 [INFO] src.connect: Conexión cerrada correctamente.
2026-01-06 02:04:31,443 [INFO] src.load: Carga incremental finalizada correctamente.
2026-01-06 02:04:31,443 [INFO] __main__: ✅ ETL finalizado con éxito
